{"level":"info","message":"Retrived all ads","service":"my-nodejs-app"}
{"level":"info","message":"Retrived ad with id 641b5d64dc1d3d8dc4d224c0","service":"my-nodejs-app"}
{"level":"info","message":"Retrived all ads"}
{"level":"info","message":"Retrived ad with id 641464567112563b6ce3922a"}
{"level":"info","message":"Retrived all ads"}
{"level":"info","message":"Retrived ad containing phrase: undefined"}
{"level":"warn","message":"There are no ads containing phrase: blak"}
{"level":"warn","message":"There are no ads containing phrase: blak"}
{"level":"info","message":"Retrived ad containing phrase: bl"}
{"level":"info","message":"Retrived ad containing phrase: black"}
{"level":"warn","message":"There are no ads containing phrase: ASXASX"}
{"level":"warn","message":"There are no ads containing phrase: ASXASX"}
{"level":"warn","message":"There are no ads containing phrase: ASXASX"}
{"level":"warn","message":"There are no ads containing phrase: ASXASX"}
{"level":"warn","message":"There are no ads containing phrase: ASXASX"}
{"level":"warn","message":"There are no ads containing phrase: ASXASX"}
{"level":"warn","message":"There are no ads containing phrase: ASXASX"}
{"level":"warn","message":"There are no ads containing phrase: ASXASX"}
{"level":"warn","message":"There are no ads containing phrase: ASXASX"}
{"level":"warn","message":"There are no ads containing phrase: ASXASX"}
{"level":"warn","message":"There are no ads containing phrase: ASXASX"}
{"level":"warn","message":"There are no ads containing phrase: ASXASX"}
{"level":"info","message":"Retrived all ads"}
{"level":"info","message":"Retrived ad containing phrase: bl"}
{"level":"info","message":"Retrived ad containing phrase: bl"}
{"level":"info","message":"Retrived ad containing phrase: bl"}
{"level":"info","message":"Retrived ad containing phrase: bl"}
{"level":"info","message":"Retrived ad containing phrase: bl"}
{"level":"info","message":"Retrived ad containing phrase: bl"}
{"level":"warn","message":"There are no ads containing phrase: asxas"}
{"level":"info","message":"Retrived all ads"}
{"level":"info","message":"Retrived ad with id 641b5d64dc1d3d8dc4d224c0"}
{"level":"info","message":"Retrived all ads"}
{"level":"warn","message":"There are no ads containing phrase: AXasdfasfa"}
{"level":"info","message":"Retrived all ads"}
{"level":"info","message":"Retrived all ads"}
{"level":"info","message":"Retrived ad with id 641cb2d7cc60dfa6e8571279"}
{"level":"info","message":"Retrived all ads"}
{"level":"info","message":"Retrived ad with id 641464567112563b6ce3922a"}
{"level":"info","message":"Retrived all ads"}
{"level":"info","message":"Retrived ad with id 641b5d64dc1d3d8dc4d224c0"}
{"level":"info","message":"Retrived all ads"}
{"level":"info","message":"Retrived all ads"}
{"level":"warn","message":"Invalid request received"}
{"level":"info","message":"Retrived all ads"}
{"level":"info","message":"Retrived all ads"}
{"level":"info","message":"Ad created with id: 641f42e3f0300a5b283adef2"}
{"level":"error","message":"Error occurred: Ads validation failed: title: Path `title` (`as`) is shorter than the minimum allowed length (10)."}
{"level":"info","message":"Retrived all ads"}
{"level":"warn","message":"Invalid request received"}
{"level":"info","message":"Retrived all ads"}
{"level":"info","message":"Retrived ad with id 641f42e3f0300a5b283adef2","timestamp":"2023-03-25T19:07:43.266Z"}
{"level":"info","message":"Retrived all ads","timestamp":"2023-03-25T19:09:14.968Z"}
{"level":"warn","message":"You are not permitted to edit ad with id: 641464567112563b6ce3922a","timestamp":"2023-03-25T19:09:29.612Z"}
{"level":"info","message":"Retrived all ads","timestamp":"2023-03-25T19:10:29.418Z"}
{"level":"info","message":"Edited ad with id: 641dfe8e454977b484370cc1","timestamp":"2023-03-25T19:10:50.686Z"}
{"level":"info","message":"Edited ad with id: 641dfe8e454977b484370cc1","timestamp":"2023-03-25T19:11:09.146Z"}
{"level":"info","message":"Edited ad with id: 641dfe8e454977b484370cc1","timestamp":"2023-03-25T19:11:22.001Z"}
{"level":"info","message":"Edited ad with id: 641dfe8e454977b484370cc1","timestamp":"2023-03-25T19:11:37.477Z"}
{"level":"warn","message":"The ad with id: 641dfe8e454977b484370cc2 does not exist","timestamp":"2023-03-25T19:12:00.700Z"}
{"level":"error","message":"Error occurred: Ads validation failed: title: Path `title` (`gas`) is shorter than the minimum allowed length (10).","timestamp":"2023-03-25T19:12:26.757Z"}
{"level":"error","message":"Error occurred: Ads validation failed: title: Path `title` (`gas`) is shorter than the minimum allowed length (10).","timestamp":"2023-03-25T19:12:55.488Z"}
{"level":"error","message":"Error occurred: Ads validation failed: title: Path `title` (`gasas`) is shorter than the minimum allowed length (10).","timestamp":"2023-03-25T19:13:02.953Z"}
{"level":"info","message":"Edited ad with id: 641dfe8e454977b484370cc1","timestamp":"2023-03-25T19:13:10.228Z"}
{"level":"warn","message":"The uploaded image has wrong extension","timestamp":"2023-03-25T19:16:53.228Z"}
{"level":"warn","message":"Invalid request received","timestamp":"2023-03-25T19:18:27.493Z"}
{"level":"warn","message":"Invalid request received","timestamp":"2023-03-25T19:19:12.114Z"}
{"level":"info","message":"Retrived all ads","timestamp":"2023-03-25T19:20:09.372Z"}
{"level":"info","message":"Retrived ad with id 641dfe8e454977b484370cc1","timestamp":"2023-03-25T19:20:16.365Z"}
{"level":"info","message":"Retrived all ads","timestamp":"2023-03-25T19:20:21.468Z"}
{"level":"info","message":"Retrived ad with id 641dfe8e454977b484370cc1","timestamp":"2023-03-25T19:20:25.603Z"}
{"level":"info","message":"Retrived all ads","timestamp":"2023-03-25T19:20:37.799Z"}
{"level":"error","message":"Error occurred: ENOENT: no such file or directory, unlink 'C:\\Users\\a\\Desktop\\kurs kodilla JS\\zadania\\moduł 32 - warsztaty - backend\\zadanie 1 - adsApp/public/uploads/tshirtOrange-1679771497368.jpg'","timestamp":"2023-03-25T19:21:08.340Z"}
{"level":"info","message":"Retrived all ads","timestamp":"2023-03-25T19:22:44.541Z"}
{"level":"info","message":"Retrived all ads","timestamp":"2023-03-25T19:22:53.085Z"}
{"level":"warn","message":"Invalid request received","timestamp":"2023-03-25T19:23:14.477Z"}
{"level":"info","message":"Retrived all ads","timestamp":"2023-03-25T19:23:14.515Z"}
{"level":"info","message":"Retrived all ads","timestamp":"2023-03-25T19:23:37.347Z"}
{"level":"info","message":"Ad created with id: 641f4a39036baf82d04dd9d4","timestamp":"2023-03-25T19:23:37.388Z"}
{"level":"info","message":"Retrived ad with id 641f4a39036baf82d04dd9d4","timestamp":"2023-03-25T19:23:39.105Z"}
{"level":"error","message":"Error occurred: Ads validation failed: title: Path `title` (`ASda`) is shorter than the minimum allowed length (10).","timestamp":"2023-03-25T19:26:24.723Z"}
{"level":"info","message":"Edited ad with id: 641f4a39036baf82d04dd9d4","timestamp":"2023-03-25T19:26:39.663Z"}
{"level":"info","message":"Edited ad with id: 641f4a39036baf82d04dd9d4","timestamp":"2023-03-25T19:26:44.101Z"}
{"level":"info","message":"Edited ad with id: 641f4a39036baf82d04dd9d4","timestamp":"2023-03-25T19:26:44.617Z"}
{"level":"info","message":"Edited ad with id: 641f4a39036baf82d04dd9d4","timestamp":"2023-03-25T19:26:54.142Z"}
{"level":"info","message":"Edited ad with id: 641f4a39036baf82d04dd9d4","timestamp":"2023-03-25T19:26:54.658Z"}
{"level":"info","message":"Edited ad with id: 641f4a39036baf82d04dd9d4","timestamp":"2023-03-25T19:26:54.856Z"}
{"level":"info","message":"Retrived all ads","timestamp":"2023-03-25T19:26:58.298Z"}
{"level":"info","message":"Retrived all ads","timestamp":"2023-03-25T19:27:02.610Z"}
{"level":"info","message":"Retrived ad with id 641f4a39036baf82d04dd9d4","timestamp":"2023-03-25T19:27:03.925Z"}
{"level":"info","message":"Retrived all ads","timestamp":"2023-03-25T19:27:08.032Z"}
{"level":"info","message":"Retrived all ads","timestamp":"2023-03-25T19:27:12.154Z"}
{"level":"info","message":"Retrived ad with id 641f4a39036baf82d04dd9d4","timestamp":"2023-03-25T19:27:14.353Z"}
{"level":"info","message":"Edited ad with id: 641f4a39036baf82d04dd9d4","timestamp":"2023-03-25T19:27:19.696Z"}
{"level":"info","message":"Edited ad with id: 641f4a39036baf82d04dd9d4","timestamp":"2023-03-25T19:27:25.686Z"}
{"level":"info","message":"Edited ad with id: 641f4a39036baf82d04dd9d4","timestamp":"2023-03-25T19:27:42.299Z"}
{"level":"info","message":"Edited ad with id: 641f4a39036baf82d04dd9d4","timestamp":"2023-03-25T19:27:52.241Z"}
{"level":"info","message":"Edited ad with id: 641f4a39036baf82d04dd9d4","timestamp":"2023-03-25T19:28:10.987Z"}
{"level":"info","message":"Retrived all ads","timestamp":"2023-03-25T19:28:22.447Z"}
{"level":"info","message":"Edited ad with id: 641f4a39036baf82d04dd9d4","timestamp":"2023-03-25T19:28:34.421Z"}
{"level":"info","message":"Retrived all ads","timestamp":"2023-03-25T19:28:46.321Z"}
{"level":"warn","message":"The uploaded image has wrong extension","timestamp":"2023-03-25T19:29:06.099Z"}
{"level":"info","message":"Retrived all ads","timestamp":"2023-03-25T19:29:24.129Z"}
{"level":"info","message":"Edited ad with id: 641f4a39036baf82d04dd9d4","timestamp":"2023-03-25T19:29:36.967Z"}
{"level":"info","message":"Retrived all ads","timestamp":"2023-03-25T19:29:40.181Z"}
{"level":"info","message":"Retrived all ads","timestamp":"2023-03-25T19:31:34.832Z"}
{"level":"info","message":"Retrived ad with id 641464567112563b6ce3922a","timestamp":"2023-03-25T19:31:36.954Z"}
{"level":"info","message":"Retrived all ads","timestamp":"2023-03-25T19:31:44.102Z"}
{"level":"info","message":"Edited ad with id: 641464567112563b6ce3922a","timestamp":"2023-03-25T19:31:44.405Z"}
{"level":"info","message":"Retrived ad with id 641464567112563b6ce3922a","timestamp":"2023-03-25T19:31:45.804Z"}
{"level":"info","message":"Retrived all ads","timestamp":"2023-03-25T19:31:57.065Z"}
{"level":"error","message":"Error occurred: Ads validation failed: title: Path `title` (`Blac`) is shorter than the minimum allowed length (10).","timestamp":"2023-03-25T19:31:57.100Z"}
{"level":"info","message":"Retrived all ads","timestamp":"2023-03-25T19:43:27.503Z"}
{"level":"info","message":"Retrived all ads","timestamp":"2023-03-25T19:43:30.324Z"}
{"level":"info","message":"Retrived all ads","timestamp":"2023-03-25T19:43:31.948Z"}
{"level":"info","message":"Retrived ad with id 641464567112563b6ce3922a","timestamp":"2023-03-25T19:43:48.603Z"}
{"level":"info","message":"Retrived all ads","timestamp":"2023-03-25T19:43:51.742Z"}
{"level":"info","message":"Retrived ad with id 641f42e3f0300a5b283adef2","timestamp":"2023-03-25T19:43:55.420Z"}
{"level":"info","message":"Retrived all ads","timestamp":"2023-03-25T19:43:58.246Z"}
{"level":"info","message":"Deleted ad with id: 641f42e3f0300a5b283adef2","timestamp":"2023-03-25T19:43:58.321Z"}
{"level":"info","message":"Retrived ad with id 641f4a39036baf82d04dd9d4","timestamp":"2023-03-25T19:44:03.463Z"}
{"level":"info","message":"Retrived all ads","timestamp":"2023-03-25T19:44:05.579Z"}
{"level":"info","message":"Retrived all ads","timestamp":"2023-03-25T19:44:47.414Z"}
{"level":"error","message":"Error occurred: editAd is not defined","timestamp":"2023-03-25T19:45:02.729Z"}
{"level":"warn","message":"You are not permitted to delete ad with id: 641cb2d7cc60dfa6e8571279","timestamp":"2023-03-25T19:45:45.291Z"}
{"level":"warn","message":"The ad with id: 641cb2d7cc60dfa6e857127c does not exist","timestamp":"2023-03-25T19:46:10.954Z"}
{"level":"info","message":"Retrived all ads","timestamp":"2023-03-25T19:50:35.194Z"}
{"level":"warn","message":"Invalid request received","timestamp":"2023-03-25T20:04:31.153Z"}
{"level":"warn","message":"Invalid request received","timestamp":"2023-03-25T20:04:35.981Z"}
{"level":"warn","message":"Login: {\n  _id: 641464057112563b6ce39227,\n  login: 'RandomMan',\n  password: '$2a$10$Xr20g6Zk/NBn4/7uv0hDgOYdwcSXZUk2h/fQLngs1BxqQg2f0RvmW',\n  avatar: 'avatarMan-1679057925546.jpg',\n  phone: '666777999',\n  __v: 0\n} is already taken","timestamp":"2023-03-25T20:04:42.935Z"}
{"level":"warn","message":"Login: RandomMan is already taken","timestamp":"2023-03-25T20:05:54.584Z"}
{"level":"info","message":"Add new user with id: 641f548588f2f22588d78752","timestamp":"2023-03-25T20:07:33.623Z"}
{"level":"warn","message":"Invalid request received","timestamp":"2023-03-25T20:07:46.311Z"}
{"level":"error","message":"Error occurred: Users validation failed: login: Path `login` (`d`) is shorter than the minimum allowed length (5).","timestamp":"2023-03-25T20:07:56.928Z"}
{"level":"warn","message":"Invalid request received - input is not provided","timestamp":"2023-03-25T20:09:52.972Z"}
{"level":"warn","message":"Invalid request received -  is not provided","timestamp":"2023-03-25T20:10:11.008Z"}
{"level":"warn","message":"Invalid request received - undefined is not provided","timestamp":"2023-03-25T20:11:19.347Z"}
{"level":"warn","message":"Invalid request received -  is not provided","timestamp":"2023-03-25T20:21:54.494Z"}
{"level":"warn","message":"Invalid request received - andrzej88 is not provided","timestamp":"2023-03-25T20:21:54.496Z"}
{"level":"warn","message":"Invalid request received - 123123123 is not provided","timestamp":"2023-03-25T20:21:54.496Z"}
{"level":"warn","message":"Invalid request received -  is not provided","timestamp":"2023-03-25T20:27:27.780Z"}
{"level":"warn","message":"Invalid request received - andrzej88 is not provided","timestamp":"2023-03-25T20:27:27.782Z"}
{"level":"warn","message":"Invalid request received - 123123123 is not provided","timestamp":"2023-03-25T20:27:27.783Z"}
{"level":"error","message":"Error occurred: req.body.hasOwnProperty is not a function","timestamp":"2023-03-25T20:48:55.493Z"}
{"level":"error","message":"Error occurred: Object(...).hasOwnProperty is not a function","timestamp":"2023-03-25T20:49:21.058Z"}
{"level":"error","message":"login is not provided","timestamp":"2023-03-25T20:51:27.996Z"}
{"level":"error","message":"password is not provided","timestamp":"2023-03-25T20:51:28.000Z"}
{"level":"error","message":"phone is not provided","timestamp":"2023-03-25T20:51:28.001Z"}
{"level":"error","message":"avatar is not provided","timestamp":"2023-03-25T20:51:28.001Z"}
{"level":"error","message":"Error occurred: req.body.hasOwnProperty is not a function","timestamp":"2023-03-25T20:53:03.258Z"}
{"level":"error","message":"avatar is not provided","timestamp":"2023-03-25T20:56:16.051Z"}
{"level":"error","message":"avatar is not provided","timestamp":"2023-03-25T20:57:16.698Z"}
{"level":"error","message":"login is not provided","timestamp":"2023-03-25T20:58:26.237Z"}
{"level":"error","message":"avatar is not provided","timestamp":"2023-03-25T20:58:26.239Z"}
{"level":"error","message":"login is not provided","timestamp":"2023-03-25T20:59:18.546Z"}
{"level":"error","message":"avatar is not provided","timestamp":"2023-03-25T20:59:18.550Z"}
{"level":"error","message":"login is not provided","timestamp":"2023-03-25T20:59:36.048Z"}
{"level":"error","message":"phone is not provided","timestamp":"2023-03-25T20:59:36.049Z"}
{"level":"error","message":"avatar is not provided","timestamp":"2023-03-25T20:59:36.049Z"}
{"level":"error","message":"phone is not provided","timestamp":"2023-03-25T20:59:51.030Z"}
{"level":"error","message":"phone is not provided","timestamp":"2023-03-25T21:04:26.342Z"}
{"level":"error","message":"phone is not provided","timestamp":"2023-03-25T21:05:06.311Z"}
{"level":"error","message":"phone is not provided","timestamp":"2023-03-25T21:05:12.878Z"}
{"level":"error","message":"avatar is not provided","timestamp":"2023-03-25T21:05:12.881Z"}
{"level":"error","message":"phone is not provided","timestamp":"2023-03-25T21:05:43.548Z"}
{"level":"error","message":"avatar is not provided","timestamp":"2023-03-25T21:05:43.551Z"}
{"level":"error","message":"phone is not provided","timestamp":"2023-03-25T21:07:29.856Z"}
{"level":"error","message":"avatar is not provided","timestamp":"2023-03-25T21:07:29.858Z"}
{"level":"error","message":"phone is not provided","timestamp":"2023-03-25T21:07:42.227Z"}
{"level":"error","message":"avatar is not provided","timestamp":"2023-03-25T21:07:42.230Z"}
{"level":"error","message":"phone is not provided","timestamp":"2023-03-25T21:08:04.525Z"}
{"level":"error","message":"avatar is not provided","timestamp":"2023-03-25T21:08:04.528Z"}
{"level":"error","message":"phone is not provided","timestamp":"2023-03-25T21:08:34.711Z"}
{"level":"error","message":"avatar is not provided","timestamp":"2023-03-25T21:08:34.715Z"}
{"level":"error","message":"phone is not provided","timestamp":"2023-03-25T21:09:20.298Z"}
{"level":"error","message":"avatar is not provided","timestamp":"2023-03-25T21:09:20.301Z"}
{"level":"error","message":"Error occurred: inputs.contains is not a function","timestamp":"2023-03-25T21:11:06.575Z"}
{"level":"error","message":"phone is not provided","timestamp":"2023-03-25T21:11:23.312Z"}
{"level":"error","message":"avatar is not provided","timestamp":"2023-03-25T21:11:23.315Z"}
{"level":"error","message":"phone is not provided","timestamp":"2023-03-25T21:12:14.188Z"}
{"level":"error","message":"avatar is not provided","timestamp":"2023-03-25T21:12:14.190Z"}
{"level":"error","message":"login is not provided","timestamp":"2023-03-25T21:12:25.700Z"}
{"level":"error","message":"password is not provided","timestamp":"2023-03-25T21:12:25.703Z"}
{"level":"error","message":"phone is not provided","timestamp":"2023-03-25T21:12:25.705Z"}
{"level":"error","message":"avatar is not provided","timestamp":"2023-03-25T21:12:25.706Z"}
{"level":"error","message":"phone is not provided","timestamp":"2023-03-25T21:12:42.604Z"}
{"level":"error","message":"avatar is not provided","timestamp":"2023-03-25T21:12:42.606Z"}
{"level":"error","message":"phone is not provided","timestamp":"2023-03-25T21:13:02.022Z"}
{"level":"error","message":"avatar is not provided","timestamp":"2023-03-25T21:13:02.025Z"}
{"level":"error","message":"phone is not provided","timestamp":"2023-03-25T21:15:04.882Z"}
{"level":"error","message":"avatar is not provided","timestamp":"2023-03-25T21:15:04.886Z"}
{"level":"error","message":"phone is not provided","timestamp":"2023-03-25T21:15:32.133Z"}
{"level":"error","message":"avatar is not provided","timestamp":"2023-03-25T21:15:32.136Z"}
{"level":"error","message":"phone is not provided","timestamp":"2023-03-25T21:16:30.494Z"}
{"level":"error","message":"phone is not provided","timestamp":"2023-03-25T21:16:44.191Z"}
{"level":"error","message":"login is not provided","timestamp":"2023-03-25T21:17:52.795Z"}
{"level":"error","message":"password is not provided","timestamp":"2023-03-25T21:17:52.798Z"}
{"level":"error","message":"phone is not provided","timestamp":"2023-03-25T21:17:52.799Z"}
{"level":"error","message":"avatar is not provided","timestamp":"2023-03-25T21:17:52.799Z"}
{"level":"error","message":"Error occurred: Cannot read properties of undefined (reading 'fieldname')","timestamp":"2023-03-25T21:19:04.056Z"}
{"level":"error","message":"Error occurred: Cannot read properties of undefined (reading 'fieldname')","timestamp":"2023-03-25T21:19:18.222Z"}
{"level":"error","message":"Error occurred: Unexpected token u in JSON at position 0","timestamp":"2023-03-25T21:19:35.297Z"}
{"level":"error","message":"avatar is not provided","timestamp":"2023-03-25T21:26:13.256Z"}
{"level":"error","message":"Error occurred: Users validation failed: phone: Path `phone` (`12312`) is shorter than the minimum allowed length (8).","timestamp":"2023-03-25T21:26:32.809Z"}
{"level":"error","message":"Error occurred: Users validation failed: phone: Path `phone` (`12312`) is shorter than the minimum allowed length (8).","timestamp":"2023-03-25T21:26:40.733Z"}
{"level":"error","message":"Error occurred: Users validation failed: phone: Path `phone` (`12312`) is shorter than the minimum allowed length (8).","timestamp":"2023-03-25T21:26:52.663Z"}
{"level":"error","message":"phone is not provided","timestamp":"2023-03-25T21:27:09.977Z"}
{"level":"error","message":"avatar is not provided","timestamp":"2023-03-25T21:27:09.977Z"}
{"level":"error","message":"phone is not provided","timestamp":"2023-03-25T21:27:15.267Z"}
{"level":"error","message":"phone is not provided","timestamp":"2023-03-25T21:27:34.310Z"}
{"level":"error","message":"phone is not provided","timestamp":"2023-03-25T21:27:45.310Z"}
{"level":"error","message":"Error occurred: Users validation failed: phone: Path `phone` (`12`) is shorter than the minimum allowed length (8).","timestamp":"2023-03-25T21:27:49.925Z"}
{"level":"error","message":"avatar is not provided","timestamp":"2023-03-25T21:28:02.817Z"}
{"level":"error","message":"Error occurred: inputs is not defined","timestamp":"2023-03-25T21:30:58.911Z"}
{"level":"error","message":"Error occurred: logger is not defined","timestamp":"2023-03-25T21:31:57.405Z"}
{"level":"error","message":"avatar is not provided","timestamp":"2023-03-25T21:36:21.028Z"}
{"level":"error","message":"phone is not provided","timestamp":"2023-03-25T21:36:41.709Z"}
{"level":"error","message":"avatar is not provided","timestamp":"2023-03-25T21:36:41.710Z"}
{"level":"error","message":"phone is not provided","timestamp":"2023-03-25T21:36:47.471Z"}
{"level":"error","message":"password is not provided","timestamp":"2023-03-25T21:36:51.840Z"}
{"level":"error","message":"phone is not provided","timestamp":"2023-03-25T21:36:51.841Z"}
{"level":"error","message":"login is not provided","timestamp":"2023-03-25T21:37:01.931Z"}
{"level":"error","message":"password is not provided","timestamp":"2023-03-25T21:37:01.932Z"}
{"level":"error","message":"phone is not provided","timestamp":"2023-03-25T21:37:01.933Z"}
{"level":"error","message":"login is not provided","timestamp":"2023-03-25T21:37:09.617Z"}
{"level":"error","message":"password is not provided","timestamp":"2023-03-25T21:37:09.617Z"}
{"level":"error","message":"phone is not provided","timestamp":"2023-03-25T21:37:09.617Z"}
{"level":"error","message":"avatar is not provided","timestamp":"2023-03-25T21:37:09.618Z"}
{"level":"error","message":"Missing inputs: login,password,phone,avatar","timestamp":"2023-03-25T21:39:35.865Z"}
{"level":"error","message":"Missing inputs: login ,password ,phone ,avatar ","timestamp":"2023-03-25T21:40:33.731Z"}
{"level":"error","message":"Missing inputs:  login, password, phone, avatar","timestamp":"2023-03-25T21:40:43.019Z"}
{"level":"error","message":"Missing inputs:  phone, avatar","timestamp":"2023-03-25T21:40:54.154Z"}
{"level":"error","message":"Missing inputs:  phone","timestamp":"2023-03-25T21:40:57.992Z"}
{"level":"error","message":"Missing inputs: ","timestamp":"2023-03-25T21:41:02.192Z"}
{"level":"error","message":"Missing inputs:  phone","timestamp":"2023-03-25T21:42:10.289Z"}
{"level":"error","message":"Missing inputs:  login, password, phone, avatar","timestamp":"2023-03-25T21:42:53.037Z"}
{"level":"error","message":"Missing inputs:  login, password, phone, avatar","timestamp":"2023-03-25T21:44:38.252Z"}
{"level":"error","message":"Error occurred: Users validation failed: phone: Path `phone` (`1231`) is shorter than the minimum allowed length (8).","timestamp":"2023-03-25T21:48:52.369Z"}
{"level":"warn","message":"Invalid request received","timestamp":"2023-03-25T21:51:14.786Z"}
{"level":"warn","message":"Invalid request received","timestamp":"2023-03-25T21:51:46.492Z"}
{"level":"warn","message":"Invalid request received","timestamp":"2023-03-25T21:52:03.589Z"}
{"level":"warn","message":"Invalid request received","timestamp":"2023-03-25T21:52:10.704Z"}
{"level":"warn","message":"Invalid request received","timestamp":"2023-03-25T21:52:42.269Z"}
{"level":"warn","message":"Invalid request received","timestamp":"2023-03-25T21:58:46.150Z"}
{"level":"warn","message":"Login or password not provided","timestamp":"2023-03-25T21:59:42.247Z"}
{"level":"warn","message":"Login or password not provided","timestamp":"2023-03-25T21:59:55.257Z"}
{"level":"warn","message":"Login or password not provided","timestamp":"2023-03-25T22:00:01.520Z"}
{"level":"info","message":"Logged in","timestamp":"2023-03-25T22:00:07.950Z"}
{"level":"info","message":"Retrived all ads","timestamp":"2023-03-25T22:00:08.064Z"}
{"level":"info","message":"Retrived all ads","timestamp":"2023-03-25T22:00:11.244Z"}
{"level":"warn","message":"The login does not exist","timestamp":"2023-03-25T22:00:14.882Z"}
{"level":"info","message":"Logged in","timestamp":"2023-03-25T22:00:33.837Z"}
{"level":"info","message":"Retrived all ads","timestamp":"2023-03-25T22:00:33.970Z"}
{"level":"info","message":"The session has ended","timestamp":"2023-03-25T22:01:27.062Z"}
{"level":"info","message":"Retrived all ads","timestamp":"2023-03-25T22:01:27.098Z"}
{"level":"info","message":"Logged in","timestamp":"2023-03-25T22:02:01.688Z"}
{"level":"info","message":"Retrived all ads","timestamp":"2023-03-25T22:02:01.821Z"}
{"level":"warn","message":"There are no ads containing phrase: xasa","timestamp":"2023-03-25T22:02:08.229Z"}
{"level":"info","message":"Retrived all ads","timestamp":"2023-03-25T22:02:14.266Z"}
{"level":"info","message":"Retrived ad containing phrase: b","timestamp":"2023-03-25T22:02:17.495Z"}
{"level":"info","message":"Retrived ad with id 641b5d64dc1d3d8dc4d224c0","timestamp":"2023-03-25T22:02:24.149Z"}
{"level":"info","message":"Retrived all ads","timestamp":"2023-03-25T22:02:33.312Z"}
{"level":"info","message":"Edited ad with id: 641b5d64dc1d3d8dc4d224c0","timestamp":"2023-03-25T22:02:33.491Z"}
{"level":"info","message":"Retrived ad with id 641f4a39036baf82d04dd9d4","timestamp":"2023-03-25T22:02:39.851Z"}
{"level":"info","message":"Retrived all ads","timestamp":"2023-03-25T22:02:41.537Z"}
{"level":"info","message":"Retrived ad with id 641cb2d7cc60dfa6e8571279","timestamp":"2023-03-25T22:02:42.636Z"}
{"level":"info","message":"Retrived all ads","timestamp":"2023-03-25T22:02:43.986Z"}
{"level":"info","message":"Deleted ad with id: 641cb2d7cc60dfa6e8571279","timestamp":"2023-03-25T22:02:44.051Z"}
{"level":"info","message":"Retrived all ads","timestamp":"2023-03-25T22:04:45.977Z"}
{"level":"info","message":"Retrived all ads","timestamp":"2023-03-25T22:07:06.727Z"}
{"level":"info","message":"The session has ended","timestamp":"2023-03-25T22:07:06.743Z"}
{"level":"warn","message":"Invalid request received","timestamp":"2023-03-25T22:07:14.708Z"}
{"level":"warn","message":"Invalid request received","timestamp":"2023-03-25T22:09:04.204Z"}
{"level":"warn","message":"Invalid request received","timestamp":"2023-03-25T22:10:34.232Z"}
{"level":"warn","message":"Invalid request received","timestamp":"2023-03-25T22:11:14.283Z"}
{"level":"warn","message":"Invalid request received","timestamp":"2023-03-25T22:11:53.142Z"}
{"level":"info","message":"Retrived all ads","timestamp":"2023-03-26T13:33:02.197Z"}
{"level":"info","message":"Logged in","timestamp":"2023-03-26T13:33:09.643Z"}
{"level":"info","message":"Retrived all ads","timestamp":"2023-03-26T13:33:09.832Z"}
{"level":"warn","message":"Invalid request received","timestamp":"2023-03-26T13:33:21.499Z"}
{"level":"info","message":"Retrived all ads","timestamp":"2023-03-26T13:33:21.572Z"}
{"level":"warn","message":"Invalid request received","timestamp":"2023-03-26T13:33:36.816Z"}
{"level":"info","message":"Retrived all ads","timestamp":"2023-03-26T13:38:39.339Z"}
{"level":"info","message":"Retrived all ads","timestamp":"2023-03-26T13:39:36.652Z"}
{"level":"info","message":"Ad created with id: 64204e6cd9bedec3a46cb503","timestamp":"2023-03-26T13:53:48.981Z"}
{"level":"info","message":"Retrived all ads","timestamp":"2023-03-26T13:53:51.081Z"}
{"level":"info","message":"Logged in","timestamp":"2023-03-26T13:56:38.602Z"}
{"level":"info","message":"Retrived all ads","timestamp":"2023-03-26T13:56:38.765Z"}
{"level":"warn","message":"Invalid request received","timestamp":"2023-03-26T14:02:36.809Z"}
{"level":"warn","message":"Invalid request received","timestamp":"2023-03-26T14:02:42.140Z"}
{"level":"warn","message":"Invalid request received","timestamp":"2023-03-26T14:02:59.150Z"}
{"level":"info","message":"Ad created with id: 64205185b09defbf9cddcf90","timestamp":"2023-03-26T14:07:01.302Z"}
{"level":"info","message":"Retrived all ads","timestamp":"2023-03-26T14:07:05.483Z"}
{"level":"info","message":"Logged in","timestamp":"2023-03-26T14:07:19.099Z"}
{"level":"info","message":"Retrived all ads","timestamp":"2023-03-26T14:07:19.301Z"}
{"level":"info","message":"Ad created with id: 642051b247804dcdc8cc1ba8","timestamp":"2023-03-26T14:07:46.658Z"}
{"level":"info","message":"Retrived all ads","timestamp":"2023-03-26T14:07:48.038Z"}
{"level":"info","message":"Retrived all ads","timestamp":"2023-03-26T14:08:11.770Z"}
{"level":"info","message":"Ad created with id: 642051ccb3f4321754b0385d","timestamp":"2023-03-26T14:08:12.370Z"}
{"level":"info","message":"Retrived ad with id 64205185b09defbf9cddcf90","timestamp":"2023-03-26T14:08:19.381Z"}
{"level":"info","message":"Retrived all ads","timestamp":"2023-03-26T14:08:20.625Z"}
{"level":"info","message":"Deleted ad with id: 64205185b09defbf9cddcf90","timestamp":"2023-03-26T14:08:20.975Z"}
{"level":"info","message":"Retrived ad with id 642051b247804dcdc8cc1ba8","timestamp":"2023-03-26T14:08:22.667Z"}
{"level":"info","message":"Retrived all ads","timestamp":"2023-03-26T14:08:24.029Z"}
{"level":"info","message":"Deleted ad with id: 642051b247804dcdc8cc1ba8","timestamp":"2023-03-26T14:08:24.200Z"}
{"level":"info","message":"Retrived ad with id 642051ccb3f4321754b0385d","timestamp":"2023-03-26T14:08:26.567Z"}
{"level":"info","message":"Retrived all ads","timestamp":"2023-03-26T14:08:27.844Z"}
{"level":"info","message":"Deleted ad with id: 642051ccb3f4321754b0385d","timestamp":"2023-03-26T14:08:28.054Z"}
{"level":"info","message":"Retrived ad with id 64204e6cd9bedec3a46cb503","timestamp":"2023-03-26T14:08:41.490Z"}
{"level":"info","message":"Retrived all ads","timestamp":"2023-03-26T14:11:20.776Z"}
{"level":"info","message":"Retrived ad with id 64204e6cd9bedec3a46cb503","timestamp":"2023-03-26T14:11:22.557Z"}
{"level":"info","message":"Logged in","timestamp":"2023-03-26T14:13:24.715Z"}
{"level":"info","message":"Retrived all ads","timestamp":"2023-03-26T14:13:25.013Z"}
{"level":"info","message":"Retrived ad with id 64204e6cd9bedec3a46cb503","timestamp":"2023-03-26T14:13:27.492Z"}
{"level":"info","message":"Retrived all ads","timestamp":"2023-03-26T14:19:34.420Z"}
{"level":"info","message":"Edited ad with id: 64204e6cd9bedec3a46cb503","timestamp":"2023-03-26T14:19:34.681Z"}
{"level":"info","message":"Retrived ad with id 64204e6cd9bedec3a46cb503","timestamp":"2023-03-26T14:19:36.838Z"}
{"level":"info","message":"Retrived all ads","timestamp":"2023-03-26T14:19:46.726Z"}
{"level":"info","message":"Edited ad with id: 64204e6cd9bedec3a46cb503","timestamp":"2023-03-26T14:19:46.956Z"}
{"level":"info","message":"Retrived ad with id 64204e6cd9bedec3a46cb503","timestamp":"2023-03-26T14:19:48.487Z"}
{"level":"info","message":"Retrived all ads","timestamp":"2023-03-26T14:20:14.352Z"}
{"level":"info","message":"Ad created with id: 6420549e5550861adc04a16a","timestamp":"2023-03-26T14:20:14.383Z"}
{"level":"info","message":"Retrived ad with id 6420549e5550861adc04a16a","timestamp":"2023-03-26T14:20:16.158Z"}
{"level":"info","message":"Retrived all ads","timestamp":"2023-03-26T14:20:26.172Z"}
{"level":"info","message":"Edited ad with id: 6420549e5550861adc04a16a","timestamp":"2023-03-26T14:20:26.198Z"}
{"level":"info","message":"Retrived ad with id 6420549e5550861adc04a16a","timestamp":"2023-03-26T14:20:27.615Z"}
{"level":"info","message":"Retrived all ads","timestamp":"2023-03-26T14:20:30.994Z"}
{"level":"info","message":"Edited ad with id: 6420549e5550861adc04a16a","timestamp":"2023-03-26T14:20:31.058Z"}
{"level":"info","message":"Retrived ad with id 6420549e5550861adc04a16a","timestamp":"2023-03-26T14:20:32.150Z"}
{"level":"info","message":"Retrived all ads","timestamp":"2023-03-26T14:20:36.062Z"}
{"level":"info","message":"Edited ad with id: 6420549e5550861adc04a16a","timestamp":"2023-03-26T14:20:36.138Z"}
{"level":"info","message":"Retrived ad with id 6420549e5550861adc04a16a","timestamp":"2023-03-26T14:23:48.920Z"}
{"level":"info","message":"Retrived all ads","timestamp":"2023-03-26T14:24:39.438Z"}
{"level":"info","message":"Edited ad with id: 6420549e5550861adc04a16a","timestamp":"2023-03-26T14:24:39.531Z"}
{"level":"info","message":"Retrived ad with id 6420549e5550861adc04a16a","timestamp":"2023-03-26T14:25:55.117Z"}
{"level":"info","message":"Retrived all ads","timestamp":"2023-03-26T14:25:57.456Z"}
{"level":"info","message":"Deleted ad with id: 6420549e5550861adc04a16a","timestamp":"2023-03-26T14:25:57.523Z"}
{"level":"info","message":"Retrived ad with id 64204e6cd9bedec3a46cb503","timestamp":"2023-03-26T14:25:59.054Z"}
{"level":"info","message":"Retrived all ads","timestamp":"2023-03-26T14:26:00.820Z"}
{"level":"info","message":"Deleted ad with id: 64204e6cd9bedec3a46cb503","timestamp":"2023-03-26T14:26:00.895Z"}
{"level":"info","message":"Retrived all ads","timestamp":"2023-03-26T14:27:24.011Z"}
{"level":"info","message":"Ad created with id: 6420564bcbd1e0cfc887025f","timestamp":"2023-03-26T14:27:24.045Z"}
{"level":"info","message":"Retrived all ads","timestamp":"2023-03-26T14:30:07.040Z"}
{"level":"info","message":"Retrived all ads","timestamp":"2023-03-26T14:33:20.839Z"}
{"level":"info","message":"Retrived ad with id 641f4a39036baf82d04dd9d4","timestamp":"2023-03-26T14:35:32.095Z"}
{"level":"info","message":"Retrived all ads","timestamp":"2023-03-26T14:35:37.445Z"}
{"level":"info","message":"Retrived ad with id 641b5d64dc1d3d8dc4d224c0","timestamp":"2023-03-26T14:35:38.258Z"}
{"level":"info","message":"Retrived all ads","timestamp":"2023-03-26T14:35:39.756Z"}
{"level":"info","message":"Retrived ad with id 641f4a39036baf82d04dd9d4","timestamp":"2023-03-26T14:35:40.534Z"}
{"level":"info","message":"Retrived all ads","timestamp":"2023-03-26T14:35:41.485Z"}
{"level":"info","message":"Retrived ad with id 641464567112563b6ce3922a","timestamp":"2023-03-26T14:35:42.666Z"}
{"level":"info","message":"Retrived all ads","timestamp":"2023-03-26T14:35:43.995Z"}
{"level":"info","message":"Retrived ad with id 6420564bcbd1e0cfc887025f","timestamp":"2023-03-26T14:35:45.076Z"}
{"level":"info","message":"Retrived all ads","timestamp":"2023-03-26T14:35:48.338Z"}
{"level":"info","message":"Logged in","timestamp":"2023-03-26T14:35:51.345Z"}
{"level":"info","message":"Retrived all ads","timestamp":"2023-03-26T14:35:51.534Z"}
{"level":"info","message":"Retrived all ads","timestamp":"2023-03-26T14:40:53.153Z"}
{"level":"info","message":"Ad created with id: 64205974e4cfeb440c35fc69","timestamp":"2023-03-26T14:40:53.164Z"}
{"level":"info","message":"Retrived ad with id 64205974e4cfeb440c35fc69","timestamp":"2023-03-26T14:41:13.360Z"}
{"level":"info","message":"Retrived all ads","timestamp":"2023-03-26T14:41:17.132Z"}
{"level":"info","message":"Retrived ad with id 641b5d64dc1d3d8dc4d224c0","timestamp":"2023-03-26T14:41:18.168Z"}
{"level":"info","message":"Retrived all ads","timestamp":"2023-03-26T14:41:19.995Z"}
{"level":"info","message":"Retrived ad with id 64205974e4cfeb440c35fc69","timestamp":"2023-03-26T14:41:22.059Z"}
{"level":"info","message":"Retrived all ads","timestamp":"2023-03-26T14:41:45.565Z"}
{"level":"info","message":"Retrived ad with id 64205974e4cfeb440c35fc69","timestamp":"2023-03-26T14:42:28.231Z"}
{"level":"info","message":"Retrived all ads","timestamp":"2023-03-26T14:42:29.339Z"}
{"level":"info","message":"Deleted ad with id: 64205974e4cfeb440c35fc69","timestamp":"2023-03-26T14:42:29.410Z"}
{"level":"info","message":"Retrived ad with id 6420564bcbd1e0cfc887025f","timestamp":"2023-03-26T14:42:30.721Z"}
{"level":"info","message":"Retrived all ads","timestamp":"2023-03-26T14:42:31.679Z"}
{"level":"info","message":"Deleted ad with id: 6420564bcbd1e0cfc887025f","timestamp":"2023-03-26T14:42:31.757Z"}
{"level":"info","message":"Retrived ad with id 641f4a39036baf82d04dd9d4","timestamp":"2023-03-26T14:42:32.668Z"}
{"level":"info","message":"Retrived all ads","timestamp":"2023-03-26T14:42:34.990Z"}
{"level":"info","message":"Retrived ad with id 641b5d64dc1d3d8dc4d224c0","timestamp":"2023-03-26T14:44:59.453Z"}
{"level":"info","message":"Retrived all ads","timestamp":"2023-03-26T14:45:09.490Z"}
{"level":"info","message":"Edited ad with id: 641b5d64dc1d3d8dc4d224c0","timestamp":"2023-03-26T14:45:09.835Z"}
{"level":"info","message":"Retrived ad with id 641b5d64dc1d3d8dc4d224c0","timestamp":"2023-03-26T14:45:10.626Z"}
{"level":"info","message":"Retrived all ads","timestamp":"2023-03-26T14:45:17.068Z"}
{"level":"info","message":"Retrived ad with id 641b5d64dc1d3d8dc4d224c0","timestamp":"2023-03-26T14:45:21.056Z"}
{"level":"info","message":"Retrived all ads","timestamp":"2023-03-26T14:45:22.967Z"}
{"level":"info","message":"Logged in","timestamp":"2023-03-26T15:02:59.660Z"}
{"level":"info","message":"Retrived all ads","timestamp":"2023-03-26T15:02:59.857Z"}
{"level":"warn","message":"Invalid request received","timestamp":"2023-03-26T15:42:28.243Z"}
{"level":"warn","message":"Invalid request received","timestamp":"2023-03-26T15:42:31.456Z"}
{"level":"warn","message":"Invalid request received","timestamp":"2023-03-26T15:42:34.527Z"}
{"level":"warn","message":"Invalid request received","timestamp":"2023-03-26T15:42:36.872Z"}
{"level":"warn","message":"Login: RandomMan is already taken","timestamp":"2023-03-26T15:42:49.553Z"}
{"level":"info","message":"Logged in","timestamp":"2023-03-26T15:44:19.914Z"}
{"level":"info","message":"Retrived all ads","timestamp":"2023-03-26T15:44:20.042Z"}
{"level":"info","message":"Retrived all ads","timestamp":"2023-03-26T15:50:16.609Z"}
{"level":"info","message":"Ad created with id: 642069b82fd45ccffce5fc54","timestamp":"2023-03-26T15:50:16.893Z"}
{"level":"info","message":"Retrived all ads","timestamp":"2023-03-26T15:50:38.822Z"}
{"level":"info","message":"Retrived ad with id 642069b82fd45ccffce5fc54","timestamp":"2023-03-26T15:50:39.956Z"}
{"level":"info","message":"Retrived all ads","timestamp":"2023-03-26T15:50:41.591Z"}
{"level":"info","message":"Retrived ad with id 641464567112563b6ce3922a","timestamp":"2023-03-26T15:50:42.513Z"}
{"level":"info","message":"Retrived all ads","timestamp":"2023-03-26T15:50:43.704Z"}
{"level":"info","message":"Retrived ad with id 641f4a39036baf82d04dd9d4","timestamp":"2023-03-26T15:50:44.781Z"}
{"level":"info","message":"Retrived all ads","timestamp":"2023-03-26T15:50:45.707Z"}
{"level":"info","message":"Retrived ad with id 641b5d64dc1d3d8dc4d224c0","timestamp":"2023-03-26T15:50:47.378Z"}
{"level":"info","message":"Retrived all ads","timestamp":"2023-03-26T15:50:48.646Z"}
{"level":"info","message":"Retrived all ads","timestamp":"2023-03-26T15:51:17.729Z"}
{"level":"info","message":"Ad created with id: 642069f52fd45ccffce5fc55","timestamp":"2023-03-26T15:51:17.784Z"}
{"level":"info","message":"Retrived all ads","timestamp":"2023-03-26T15:53:28.287Z"}
{"level":"info","message":"Retrived ad with id 642069f52fd45ccffce5fc55","timestamp":"2023-03-26T15:53:30.895Z"}
{"level":"info","message":"Retrived ad with id 642069f52fd45ccffce5fc55","timestamp":"2023-03-26T15:55:33.320Z"}
{"level":"info","message":"Retrived all ads","timestamp":"2023-03-26T15:55:35.037Z"}
{"level":"info","message":"No ads in the database","timestamp":"2023-03-26T15:56:17.371Z"}
{"level":"info","message":"No ads in the database","timestamp":"2023-03-26T15:56:22.796Z"}
{"level":"warn","message":"Invalid request received","timestamp":"2023-03-26T15:56:39.600Z"}
{"level":"info","message":"Add new user with id: 64206b422fd45ccffce5fc56","timestamp":"2023-03-26T15:56:50.053Z"}
{"level":"info","message":"No ads in the database","timestamp":"2023-03-26T15:56:54.114Z"}
{"level":"info","message":"No ads in the database","timestamp":"2023-03-26T15:57:26.055Z"}
{"level":"info","message":"Logged in","timestamp":"2023-03-26T15:58:05.462Z"}
{"level":"info","message":"No ads in the database","timestamp":"2023-03-26T15:58:05.590Z"}
{"level":"info","message":"No ads in the database","timestamp":"2023-03-26T15:58:31.926Z"}
{"level":"info","message":"Ad created with id: 64206ba72fd45ccffce5fc57","timestamp":"2023-03-26T15:58:32.001Z"}
{"level":"info","message":"Retrived all ads","timestamp":"2023-03-26T15:58:36.793Z"}
{"level":"info","message":"Retrived ad with id 64206ba72fd45ccffce5fc57","timestamp":"2023-03-26T15:58:57.817Z"}
{"level":"info","message":"Logged in","timestamp":"2023-03-26T15:59:01.937Z"}
{"level":"info","message":"Retrived all ads","timestamp":"2023-03-26T15:59:02.104Z"}
{"level":"info","message":"Retrived ad with id 64206ba72fd45ccffce5fc57","timestamp":"2023-03-26T15:59:06.727Z"}
{"level":"info","message":"Retrived all ads","timestamp":"2023-03-26T15:59:31.195Z"}
{"level":"info","message":"Retrived ad with id 64206ba72fd45ccffce5fc57","timestamp":"2023-03-26T15:59:38.163Z"}
{"level":"info","message":"Retrived all ads","timestamp":"2023-03-26T16:02:04.428Z"}
{"level":"info","message":"Edited ad with id: 64206ba72fd45ccffce5fc57","timestamp":"2023-03-26T16:02:04.588Z"}
{"level":"info","message":"Retrived ad with id 64206ba72fd45ccffce5fc57","timestamp":"2023-03-26T16:02:06.787Z"}
{"level":"info","message":"Retrived all ads","timestamp":"2023-03-26T16:03:52.396Z"}
{"level":"info","message":"Edited ad with id: 64206ba72fd45ccffce5fc57","timestamp":"2023-03-26T16:03:52.511Z"}
{"level":"info","message":"Retrived ad with id 64206ba72fd45ccffce5fc57","timestamp":"2023-03-26T16:03:58.543Z"}
{"level":"info","message":"Retrived all ads","timestamp":"2023-03-26T16:04:01.734Z"}
{"level":"info","message":"Edited ad with id: 64206ba72fd45ccffce5fc57","timestamp":"2023-03-26T16:04:01.859Z"}
{"level":"info","message":"Retrived ad with id 64206ba72fd45ccffce5fc57","timestamp":"2023-03-26T16:07:23.154Z"}
{"level":"info","message":"Retrived all ads","timestamp":"2023-03-26T16:07:26.546Z"}
{"level":"info","message":"Edited ad with id: 64206ba72fd45ccffce5fc57","timestamp":"2023-03-26T16:07:26.655Z"}
{"level":"info","message":"Retrived ad with id 64206ba72fd45ccffce5fc57","timestamp":"2023-03-26T16:07:28.477Z"}
{"level":"info","message":"Retrived all ads","timestamp":"2023-03-26T16:07:32.013Z"}
{"level":"info","message":"Edited ad with id: 64206ba72fd45ccffce5fc57","timestamp":"2023-03-26T16:07:32.133Z"}
{"level":"info","message":"Retrived ad with id 64206ba72fd45ccffce5fc57","timestamp":"2023-03-26T16:08:04.155Z"}
{"level":"info","message":"Retrived all ads","timestamp":"2023-03-26T16:08:14.481Z"}
{"level":"info","message":"Edited ad with id: 64206ba72fd45ccffce5fc57","timestamp":"2023-03-26T16:08:14.804Z"}
{"level":"info","message":"Retrived ad with id 64206ba72fd45ccffce5fc57","timestamp":"2023-03-26T16:08:16.510Z"}
{"level":"info","message":"Retrived all ads","timestamp":"2023-03-26T16:08:26.517Z"}
{"level":"info","message":"Retrived all ads","timestamp":"2023-03-26T16:11:29.624Z"}
{"level":"info","message":"The session has ended","timestamp":"2023-03-26T16:11:29.635Z"}
{"level":"info","message":"Retrived all ads","timestamp":"2023-03-26T16:11:35.577Z"}
{"level":"info","message":"Retrived ad with id 64206ba72fd45ccffce5fc57","timestamp":"2023-03-26T16:11:37.878Z"}
{"level":"info","message":"Retrived all ads","timestamp":"2023-03-26T16:11:39.667Z"}
{"level":"info","message":"Logged in","timestamp":"2023-03-26T16:11:45.333Z"}
{"level":"info","message":"Retrived all ads","timestamp":"2023-03-26T16:11:45.499Z"}
{"level":"info","message":"Retrived all ads","timestamp":"2023-03-26T16:12:18.858Z"}
{"level":"info","message":"Ad created with id: 64206ee3934f812e4c639647","timestamp":"2023-03-26T16:12:19.144Z"}
{"level":"info","message":"Retrived ad with id 64206ee3934f812e4c639647","timestamp":"2023-03-26T16:12:21.915Z"}
{"level":"info","message":"Retrived all ads","timestamp":"2023-03-26T16:12:25.668Z"}
{"level":"info","message":"The session has ended","timestamp":"2023-03-26T16:12:30.386Z"}
{"level":"info","message":"Retrived all ads","timestamp":"2023-03-26T16:12:30.416Z"}
{"level":"warn","message":"Invalid request received","timestamp":"2023-03-26T16:12:40.984Z"}
{"level":"warn","message":"Invalid request received","timestamp":"2023-03-26T16:18:24.271Z"}
{"level":"warn","message":"Invalid request received","timestamp":"2023-03-26T16:18:27.547Z"}
{"level":"warn","message":"Login: RandomMan is already taken","timestamp":"2023-03-26T16:18:46.027Z"}
{"level":"info","message":"Add new user with id: 6420706a259fb8c4c4913631","timestamp":"2023-03-26T16:18:50.962Z"}
{"level":"warn","message":"Login or password are incorrect","timestamp":"2023-03-26T16:19:00.585Z"}
{"level":"warn","message":"Login or password not provided","timestamp":"2023-03-26T16:19:05.139Z"}
{"level":"warn","message":"Login or password not provided","timestamp":"2023-03-26T16:19:10.539Z"}
{"level":"warn","message":"Login or password not provided","timestamp":"2023-03-26T16:19:11.715Z"}
{"level":"info","message":"Logged in","timestamp":"2023-03-26T16:19:21.114Z"}
{"level":"info","message":"Retrived all ads","timestamp":"2023-03-26T16:19:21.247Z"}
{"level":"info","message":"Retrived ad with id 64206ee3934f812e4c639647","timestamp":"2023-03-26T16:19:40.022Z"}
{"level":"info","message":"Logged in","timestamp":"2023-03-26T16:20:03.884Z"}
{"level":"info","message":"Retrived all ads","timestamp":"2023-03-26T16:20:04.036Z"}
{"level":"info","message":"Retrived all ads","timestamp":"2023-03-26T16:20:58.838Z"}
{"level":"info","message":"Ad created with id: 642070eb6619bec7f466eecc","timestamp":"2023-03-26T16:20:59.117Z"}
{"level":"info","message":"Retrived ad with id 642070eb6619bec7f466eecc","timestamp":"2023-03-26T16:21:00.692Z"}
{"level":"info","message":"Retrived all ads","timestamp":"2023-03-26T16:21:09.774Z"}
{"level":"info","message":"Edited ad with id: 642070eb6619bec7f466eecc","timestamp":"2023-03-26T16:21:09.860Z"}
{"level":"info","message":"Retrived ad with id 642070eb6619bec7f466eecc","timestamp":"2023-03-26T16:21:10.979Z"}
{"level":"info","message":"Retrived all ads","timestamp":"2023-03-26T16:22:21.200Z"}
{"level":"info","message":"Edited ad with id: 642070eb6619bec7f466eecc","timestamp":"2023-03-26T16:22:21.236Z"}
{"level":"info","message":"Retrived ad with id 64206ee3934f812e4c639647","timestamp":"2023-03-26T16:22:22.529Z"}
{"level":"info","message":"Retrived all ads","timestamp":"2023-03-26T16:22:24.080Z"}
{"level":"info","message":"Retrived ad with id 642070eb6619bec7f466eecc","timestamp":"2023-03-26T16:22:25.329Z"}
{"level":"info","message":"Retrived all ads","timestamp":"2023-03-26T16:22:29.442Z"}
{"level":"info","message":"Retrived all ads","timestamp":"2023-03-26T16:22:41.075Z"}
{"level":"info","message":"Retrived all ads","timestamp":"2023-03-26T16:23:01.728Z"}
{"level":"info","message":"Logged in","timestamp":"2023-03-26T16:24:42.348Z"}
{"level":"info","message":"Retrived all ads","timestamp":"2023-03-26T16:24:42.475Z"}
{"level":"info","message":"Ad created with id: 642071e56619bec7f466eecd","timestamp":"2023-03-26T16:25:09.299Z"}
{"level":"info","message":"Retrived all ads","timestamp":"2023-03-26T16:25:09.303Z"}
{"level":"info","message":"Retrived ad with id 642071e56619bec7f466eecd","timestamp":"2023-03-26T16:25:11.315Z"}
{"level":"info","message":"Retrived all ads","timestamp":"2023-03-26T16:25:13.716Z"}
{"level":"info","message":"Deleted ad with id: 642071e56619bec7f466eecd","timestamp":"2023-03-26T16:25:13.806Z"}
{"level":"info","message":"Retrived ad with id 64206ee3934f812e4c639647","timestamp":"2023-03-26T16:25:34.211Z"}
{"level":"info","message":"Retrived all ads","timestamp":"2023-03-26T16:25:39.199Z"}
{"level":"info","message":"Edited ad with id: 64206ee3934f812e4c639647","timestamp":"2023-03-26T16:25:39.278Z"}
{"level":"warn","message":"There are no ads containing phrase: as","timestamp":"2023-03-26T16:25:59.192Z"}
{"level":"info","message":"Retrived all ads","timestamp":"2023-03-26T16:26:11.095Z"}
{"level":"info","message":"Retrived ad containing phrase: shir","timestamp":"2023-03-26T16:26:46.627Z"}
{"level":"info","message":"Retrived all ads","timestamp":"2023-03-26T16:26:52.765Z"}
{"level":"info","message":"Retrived all ads","timestamp":"2023-03-26T16:34:38.777Z"}
{"level":"info","message":"Retrived all ads","timestamp":"2023-03-26T16:37:44.124Z"}
{"level":"info","message":"Logged in","timestamp":"2023-03-26T16:38:21.822Z"}
{"level":"info","message":"Retrived all ads","timestamp":"2023-03-26T16:38:21.926Z"}
{"level":"info","message":"Retrived all ads","timestamp":"2023-03-26T16:39:16.106Z"}
{"level":"info","message":"Ad created with id: 64207534e34243d6a03eb8c6","timestamp":"2023-03-26T16:39:16.177Z"}
{"level":"info","message":"Retrived ad with id 64207534e34243d6a03eb8c6","timestamp":"2023-03-26T16:41:12.585Z"}
{"level":"info","message":"Retrived all ads","timestamp":"2023-03-26T16:46:15.621Z"}
{"level":"info","message":"Edited ad with id: 64207534e34243d6a03eb8c6","timestamp":"2023-03-26T16:46:15.863Z"}
{"level":"info","message":"Retrived ad with id 64207534e34243d6a03eb8c6","timestamp":"2023-03-26T16:46:17.895Z"}
{"level":"info","message":"Logged in","timestamp":"2023-03-26T16:46:34.401Z"}
{"level":"info","message":"Retrived all ads","timestamp":"2023-03-26T16:46:34.581Z"}
{"level":"info","message":"The session has ended","timestamp":"2023-03-26T16:46:48.405Z"}
{"level":"info","message":"Retrived all ads","timestamp":"2023-03-26T16:46:48.454Z"}
{"level":"warn","message":"Invalid request received","timestamp":"2023-03-26T16:46:52.927Z"}
{"level":"warn","message":"Invalid request received","timestamp":"2023-03-26T16:47:52.038Z"}
